uri.txt: uri=www.123.com.
	scheme=http
	schemeInfo=(NULL)
	userInfo=(NULL)
	host=www.123.com.
	port=80
	path=(NULL)
	query=(NULL)
	fragment=(NULL)
uri.txt: uri=host.abc.com
	scheme=http
	schemeInfo=(NULL)
	userInfo=(NULL)
	host=host.abc.com
	port=80
	path=(NULL)
	query=(NULL)
	fragment=(NULL)
uri.txt: uri=smtp.abc.com
	scheme=http
	schemeInfo=(NULL)
	userInfo=(NULL)
	host=smtp.abc.com
	port=80
	path=(NULL)
	query=(NULL)
	fragment=(NULL)
uri.txt: uri=cid:12345.67890@snert.com
	scheme=mailto
	schemeInfo=12345.67890@snert.com
	userInfo=12345.67890
	host=snert.com
	port=25
	path=(NULL)
	query=(NULL)
	fragment=(NULL)
uri.txt: uri=www.fail.test
	scheme=http
	schemeInfo=(NULL)
	userInfo=(NULL)
	host=www.fail.test
	port=80
	path=(NULL)
	query=(NULL)
	fragment=(NULL)
uri.txt: uri=www.pass.test
	scheme=http
	schemeInfo=(NULL)
	userInfo=(NULL)
	host=www.pass.test
	port=80
	path=(NULL)
	query=(NULL)
	fragment=(NULL)
uri.txt: uri=www.anything.invalid
	scheme=http
	schemeInfo=(NULL)
	userInfo=(NULL)
	host=www.anything.invalid
	port=80
	path=(NULL)
	query=(NULL)
	fragment=(NULL)
uri.txt: uri=www.anything.localhost
	scheme=http
	schemeInfo=(NULL)
	userInfo=(NULL)
	host=www.anything.localhost
	port=80
	path=(NULL)
	query=(NULL)
	fragment=(NULL)
uri.txt: uri=http://127.0.0.1/
	scheme=http
	schemeInfo=//127.0.0.1/
	userInfo=(NULL)
	host=127.0.0.1
	port=80
	path=/
	query=(NULL)
	fragment=(NULL)
uri.txt: uri=http://127.0.0.2/
	scheme=http
	schemeInfo=//127.0.0.2/
	userInfo=(NULL)
	host=127.0.0.2
	port=80
	path=/
	query=(NULL)
	fragment=(NULL)
uri.txt: uri=https://www.snert.com/
	scheme=https
	schemeInfo=//www.snert.com/
	userInfo=(NULL)
	host=www.snert.com
	port=443
	path=/
	query=(NULL)
	fragment=(NULL)
uri.txt: uri=http://samba.snert.com:901/
	scheme=http
	schemeInfo=//samba.snert.com:901/
	userInfo=(NULL)
	host=samba.snert.com
	port=901
	path=/
	query=(NULL)
	fragment=(NULL)
uri.txt: uri=http://snert/
	scheme=http
	schemeInfo=//snert/
	userInfo=(NULL)
	host=snert
	port=80
	path=/
	query=(NULL)
	fragment=(NULL)
uri.txt: uri=mailto:achowe@snert.com
	scheme=mailto
	schemeInfo=achowe@snert.com
	userInfo=achowe
	host=snert.com
	port=25
	path=(NULL)
	query=(NULL)
	fragment=(NULL)
uri.txt: uri=remove@goldrush411.biz
	scheme=mailto
	schemeInfo=(NULL)
	userInfo=remove
	host=goldrush411.biz
	port=25
	path=(NULL)
	query=(NULL)
	fragment=(NULL)
uri.txt: uri=http://translate.google.com/translate?u=www.fsl.com&langpair=en%7Cen&hl=en
	scheme=http
	schemeInfo=//translate.google.com/translate?u=www.fsl.com&langpair=en%7Cen&hl=en
	userInfo=(NULL)
	host=translate.google.com
	port=80
	path=/translate
	query=u=www.fsl.com&langpair=en%7Cen&hl=en
	fragment=(NULL)
uri.txt: uri=www.fsl.com
	scheme=http
	schemeInfo=(NULL)
	userInfo=(NULL)
	host=www.fsl.com
	port=80
	path=(NULL)
	query=(NULL)
	fragment=(NULL)
uri.txt: uri=http://autotrader.com/redirect/redirector_link.jsp?to_url=http://ic.fm0rt.com
	scheme=http
	schemeInfo=//autotrader.com/redirect/redirector_link.jsp?to_url=http://ic.fm0rt.com
	userInfo=(NULL)
	host=autotrader.com
	port=80
	path=/redirect/redirector_link.jsp
	query=to_url=http://ic.fm0rt.com
	fragment=(NULL)
uri.txt: uri=http://ic.fm0rt.com
	scheme=http
	schemeInfo=//ic.fm0rt.com
	userInfo=(NULL)
	host=ic.fm0rt.com
	port=80
	path=(NULL)
	query=(NULL)
	fragment=(NULL)
uri.txt: uri=redirector_link.jsp
	scheme=http
	schemeInfo=(NULL)
	userInfo=(NULL)
	host=redirector_link.jsp
	port=80
	path=(NULL)
	query=(NULL)
	fragment=(NULL)
uri.txt: uri=http://ad.doubleclick.net/clk;29825968;12395550;w?http://www.bocajava.com/referral.do?promo=ediets0027text
	scheme=http
	schemeInfo=//ad.doubleclick.net/clk;29825968;12395550;w?http://www.bocajava.com/referral.do?promo=ediets0027text
	userInfo=(NULL)
	host=ad.doubleclick.net
	port=80
	path=/clk;29825968;12395550;w
	query=http://www.bocajava.com/referral.do?promo=ediets0027text
	fragment=(NULL)
uri.txt: uri=http://www.bocajava.com/referral.do?promo=ediets0027text
	scheme=http
	schemeInfo=//www.bocajava.com/referral.do?promo=ediets0027text
	userInfo=(NULL)
	host=www.bocajava.com
	port=80
	path=/referral.do
	query=promo=ediets0027text
	fragment=(NULL)
uri.txt: uri=http://rds.yahoo.com/S=8805213/K=computer/v=1/SID=a/l=WS1/R=1/SS=19512237/IPC=us/SHE=0/H=0/SIG=92qylAS97/EXP=020672989/*-http://xplrhto.s00p.net/
	scheme=http
	schemeInfo=//rds.yahoo.com/S=8805213/K=computer/v=1/SID=a/l=WS1/R=1/SS=19512237/IPC=us/SHE=0/H=0/SIG=92qylAS97/EXP=020672989/*-http://xplrhto.s00p.net/
	userInfo=(NULL)
	host=rds.yahoo.com
	port=80
	path=/S=8805213/K=computer/v=1/SID=a/l=WS1/R=1/SS=19512237/IPC=us/SHE=0/H=0/SIG=92qylAS97/EXP=020672989/*-http://xplrhto.s00p.net/
	query=(NULL)
	fragment=(NULL)
uri.txt: uri=xplrhto.s00p.net
	scheme=http
	schemeInfo=(NULL)
	userInfo=(NULL)
	host=xplrhto.s00p.net
	port=80
	path=(NULL)
	query=(NULL)
	fragment=(NULL)
uri.txt: uri=http://www.zdnetasia.com/search/results.htm?query=mari+misato+at+dynamix+%3CIFRAME%20src=//72.232.39.252/a/%3E.html
	scheme=http
	schemeInfo=//www.zdnetasia.com/search/results.htm?query=mari+misato+at+dynamix+%3CIFRAME%20src=//72.232.39.252/a/%3E.html
	userInfo=(NULL)
	host=www.zdnetasia.com
	port=80
	path=/search/results.htm
	query=query=mari+misato+at+dynamix+%3CIFRAME%20src=//72.232.39.252/a/%3E.html
	fragment=(NULL)
uri.txt: uri=results.htm
	scheme=http
	schemeInfo=(NULL)
	userInfo=(NULL)
	host=results.htm
	port=80
	path=(NULL)
	query=(NULL)
	fragment=(NULL)
uri.txt: uri=mailto:user@yahoo.ca
	scheme=mailto
	schemeInfo=user@yahoo.ca
	userInfo=user
	host=yahoo.ca
	port=25
	path=(NULL)
	query=(NULL)
	fragment=(NULL)
uri.txt: uri=mailto:user@yahoo.ca
	scheme=mailto
	schemeInfo=user@yahoo.ca
	userInfo=user
	host=yahoo.ca
	port=25
	path=(NULL)
	query=(NULL)
	fragment=(NULL)
uri.txt: uri=http://test.com
	scheme=http
	schemeInfo=//test.com
	userInfo=(NULL)
	host=test.com
	port=80
	path=(NULL)
	query=(NULL)
	fragment=(NULL)
uri.txt: uri=http://www.c-evian.com
	scheme=http
	schemeInfo=//www.c-evian.com
	userInfo=(NULL)
	host=www.c-evian.com
	port=80
	path=(NULL)
	query=(NULL)
	fragment=(NULL)
uri.txt: uri=http://no-newline.com/
	scheme=http
	schemeInfo=//no-newline.com/
	userInfo=(NULL)
	host=no-newline.com
	port=80
	path=/
	query=(NULL)
	fragment=(NULL)
uri.txt: uri=http://www.clickandoffer.com/l.asp?c=m1009&r=9259y1&s=701&l=7&i=302028052&b=32508
	scheme=http
	schemeInfo=//www.clickandoffer.com/l.asp?c=m1009&r=9259y1&s=701&l=7&i=302028052&b=32508
	userInfo=(NULL)
	host=www.clickandoffer.com
	port=80
	path=/l.asp
	query=c=m1009&r=9259y1&s=701&l=7&i=302028052&b=32508
	fragment=(NULL)
uri.txt: uri=l.asp
	scheme=http
	schemeInfo=(NULL)
	userInfo=(NULL)
	host=l.asp
	port=80
	path=(NULL)
	query=(NULL)
	fragment=(NULL)
uri.txt: uri=http://oxakeysu.com
	scheme=http
	schemeInfo=//oxakeysu.com
	userInfo=(NULL)
	host=oxakeysu.com
	port=80
	path=(NULL)
	query=(NULL)
	fragment=(NULL)
