Filename
-------------------------------
spam-with-long-comments.eml

 Line   Len Tag
-------------------------------
    1    23 stophngc@keywestale.com
    4    16 achowe@snert.com
   10    16 achowe@snert.com
   11    23 stophngc@keywestale.com
   19    44 20080930145738.odcjmrqtpk@mx9.keywestale.com
   25    24 kDean96sh@keywestale.com
   26    16 achowe@snert.com
   28    22 mx1.mail.tasfrance.com
   29    23 stophngc@keywestale.com
   95   263 html
  101     4 head
  102    77 META
  104    69 meta
  105     5 style
  106   758 !--
  137     6 /style
  138    96 !--
  140   133 !--
  144   557 !--
  170     5 /head
  172    44 body
  173   599 !--
  196    20 div
  197    19 p
  198    61 a
  200    18 !--
  201    21 !--
  202    19 !--
  203    21 !--
  204    20 !--
  205    20 !--
  206    30 !--
  214   565 !--
  237     4 br
  238    19 !--
  239    21 !--
  240    20 !--
  241    21 !--
  242     2 /a
  242     3 o:p
  242     4 /o:p
  242     2 /p
  246    51 !--
  250    19 p
  250     3 o:p
  250    57 a
  251    59 span
  253    86 img
  256     5 /span
  256     2 /a
  257     3 o:p
  257     4 /o:p
  257     2 /p
  258   676 !--
  283     4 br
  286    19 p
  287    61 a
  289    31 !--
  290    31 !--
  291    31 !--
  292    31 !--
  293    91 !--
  296    31 !--
  297    31 !--
  298    31 !--
  299    31 !--
  300     2 /a
  300     3 o:p
  300     4 /o:p
  300     2 /p
  301  1519 !--
  311     4 br
  312     4 br
  313     4 br
  314  1519 !--
  324     4 br
  325     4 hr
  327   934 !--
  372    19 p
  372     3 o:p
  373     4 /o:p
  373     2 /p
  374     4 br
  376    19 p
  381     3 o:p
  381     4 /o:p
  381     2 /p
  383     4 br
  387    19 p
  387    57 a
  388    59 span
  390    83 img
  392     5 /span
  392     2 /a
  393     3 o:p
  393     4 /o:p
  393     2 /p
  394     4 br
  395   650 !--
  426    19 p
  427     3 o:p
  427     4 /o:p
  427     2 /p
  428    19 p
  430    58 a
  431     2 /a
  431     3 o:p
  431     4 /o:p
  431     2 /p
  433     4 /div
  435     5 /body
  437     5 /html
  446    25 dorm1.jpg@d37252c.d37252c
 1174    27 dormopt.jpg@d37252c.d37252c
-------------------------------
 1278       lines

 Freq   Sum   Avg   Max Tag
-------------------------------
    1    27    27    27 dormopt.jpg@d37252c.d37252c
    1    25    25    25 dorm1.jpg@d37252c.d37252c
    1     5     5     5 /html
    1     5     5     5 /body
    1     4     4     4 /div
    1     4     4     4 hr
    2    10     5     5 /span
    2   169    84    86 img
    2   118    59    59 span
    8    16     2     2 /p
    8    32     4     4 /o:p
    9    27     3     3 o:p
    5    10     2     2 /a
    9    36     4     4 br
    5   294    58    61 a
    8   152    19    19 p
    1    20    20    20 div
    1    44    44    44 body
    1     5     5     5 /head
    1     6     6     6 /style
   32  8626   269  1519 !--
    1     5     5     5 style
    2   146    73    77 META
    1     4     4     4 head
    1   263   263   263 html
    1    22    22    22 mx1.mail.tasfrance.com
    1    24    24    24 kDean96sh@keywestale.com
    1    44    44    44 20080930145738.odcjmrqtpk@mx9.keywestale.com
    3    48    16    16 achowe@snert.com
    3    69    23    23 stophngc@keywestale.com
